<?xml version="1.0" encoding="UTF-8"?>
<testsuite name="br.com.codenation.desafioexe.DesafioApplicationSubmitTest" tests="6" skipped="0" failures="0" errors="0" timestamp="2020-06-17T01:41:57" hostname="DESKTOP-3VA1OTB" time="0.016">
  <properties/>
  <testcase name="fibonacciTemTamanho15" classname="br.com.codenation.desafioexe.DesafioApplicationSubmitTest" time="0.011"/>
  <testcase name="isNotFibonacci12" classname="br.com.codenation.desafioexe.DesafioApplicationSubmitTest" time="0.0"/>
  <testcase name="isFibonacci377" classname="br.com.codenation.desafioexe.DesafioApplicationSubmitTest" time="0.0"/>
  <testcase name="fibonacciSequenciaCorreta" classname="br.com.codenation.desafioexe.DesafioApplicationSubmitTest" time="0.001"/>
  <testcase name="isNotFibonacci355" classname="br.com.codenation.desafioexe.DesafioApplicationSubmitTest" time="0.0"/>
  <testcase name="isFibonacci13" classname="br.com.codenation.desafioexe.DesafioApplicationSubmitTest" time="0.0"/>
  <system-out><![CDATA[[0, 1, 1, 2, 3, 5, 8, 13, 21, 34, 55, 89, 144, 233, 377]

[0, 1, 1, 2, 3, 5, 8, 13, 21, 34, 55, 89, 144, 233, 377]

]]></system-out>
  <system-err><![CDATA[]]></system-err>
</testsuite>
